<?xml version="1.0" encoding="UTF-8"?>
<!-- Generated by org.testng.reporters.JUnitReportReporter -->
<testsuite hostname="DESKTOP-PK9I0ME" name="com.training.sanity.tests.Week1_Assignment_TestCase" tests="3" failures="0" timestamp="8 Apr 2020 05:38:48 GMT" time="79.069" errors="0">
  <testcase name="validLoginTest" time="27.766" classname="com.training.sanity.tests.Week1_Assignment_TestCase"/>
  <testcase name="validLoginTest3" time="26.042" classname="com.training.sanity.tests.Week1_Assignment_TestCase"/>
  <testcase name="validLoginTest2" time="25.261" classname="com.training.sanity.tests.Week1_Assignment_TestCase"/>
</testsuite> <!-- com.training.sanity.tests.Week1_Assignment_TestCase -->
