<?xml version="1.0" encoding="UTF-8"?>
<!-- Generated by org.testng.reporters.JUnitReportReporter -->
<testsuite hostname="DESKTOP-PK9I0ME" name="com.training.sanity.tests.Week2_Assignment_TestCase" tests="3" failures="0" timestamp="15 Apr 2020 14:15:51 GMT" time="114.962" errors="0">
  <testcase name="validLoginTest3" time="52.814" classname="com.training.sanity.tests.Week2_Assignment_TestCase"/>
  <testcase name="validLoginTest" time="30.973" classname="com.training.sanity.tests.Week2_Assignment_TestCase"/>
  <testcase name="validLoginTest2" time="31.175" classname="com.training.sanity.tests.Week2_Assignment_TestCase"/>
</testsuite> <!-- com.training.sanity.tests.Week2_Assignment_TestCase -->
