<?xml version="1.0" encoding="UTF-8"?>
<!-- Generated by org.testng.reporters.JUnitReportReporter -->
<testsuite hostname="DESKTOP-PK9I0ME" name="com.training.sanity.tests.LoginTests" tests="3" failures="0" timestamp="7 Apr 2020 10:23:31 GMT" time="80.907" errors="0">
  <testcase name="validLoginTest" time="28.180" classname="com.training.sanity.tests.LoginTests"/>
  <testcase name="validLoginTest3" time="25.274" classname="com.training.sanity.tests.LoginTests"/>
  <testcase name="validLoginTest2" time="27.453" classname="com.training.sanity.tests.LoginTests"/>
</testsuite> <!-- com.training.sanity.tests.LoginTests -->
